0 info it worked if it ends with ok
1 verbose cli [ 'node', '/usr/local/bin/npm', 'run', 'sass' ]
2 info using npm@2.7.5
3 info using node@v0.12.2
4 verbose run-script [ 'presass', 'sass', 'postsass' ]
5 info presass TIY-GitHub@1.0.0
6 info sass TIY-GitHub@1.0.0
7 verbose unsafe-perm in lifecycle true
8 info TIY-GitHub@1.0.0 Failed to exec sass script
9 verbose stack Error: TIY-GitHub@1.0.0 sass: `scss/main.scss`
9 verbose stack Exit status 127
9 verbose stack     at EventEmitter.<anonymous> (/usr/local/lib/node_modules/npm/lib/utils/lifecycle.js:213:16)
9 verbose stack     at EventEmitter.emit (events.js:110:17)
9 verbose stack     at ChildProcess.<anonymous> (/usr/local/lib/node_modules/npm/lib/utils/spawn.js:14:12)
9 verbose stack     at ChildProcess.emit (events.js:110:17)
9 verbose stack     at maybeClose (child_process.js:1015:16)
9 verbose stack     at Process.ChildProcess._handle.onexit (child_process.js:1087:5)
10 verbose pkgid TIY-GitHub@1.0.0
11 verbose cwd /Users/Kwame/TIY-GitHub/src
12 error Darwin 14.5.0
13 error argv "node" "/usr/local/bin/npm" "run" "sass"
14 error node v0.12.2
15 error npm  v2.7.5
16 error code ELIFECYCLE
17 error TIY-GitHub@1.0.0 sass: `scss/main.scss`
17 error Exit status 127
18 error Failed at the TIY-GitHub@1.0.0 sass script 'scss/main.scss'.
18 error This is most likely a problem with the TIY-GitHub package,
18 error not with npm itself.
18 error Tell the author that this fails on your system:
18 error     scss/main.scss
18 error You can get their info via:
18 error     npm owner ls TIY-GitHub
18 error There is likely additional logging output above.
19 verbose exit [ 1, true ]
